*** Starting uWSGI 1.9.14 (32bit) on [Thu Jul 25 13:04:03 2013] ***
compiled with version: 4.4.7 20120313 (Red Hat 4.4.7-3) on 25 July 2013 01:03:27
os: Linux-2.6.32-358.2.1.el6.i686 #1 SMP Tue Mar 12 21:42:46 UTC 2013
nodename: localhost.localdomain
machine: i686
clock source: unix
detected number of CPU cores: 4
current working directory: /engine/link/link
detected binary path: /usr/bin/uwsgi
uWSGI running as root, you can use --uid/--gid/--chroot options
*** WARNING: you are running uWSGI as root !!! (use the --uid flag) *** 
your processes number limit is 7770
your memory page size is 4096 bytes
 *** WARNING: you have enabled harakiri without post buffering. Slow upload could be rejected on post-unbuffered webservers *** 
detected max file descriptor number: 1024
lock engine: pthread robust mutexes
uwsgi socket 0 bound to TCP address :9090 fd 3
Python version: 2.6.6 (r266:84292, Jul 10 2013, 22:43:23)  [GCC 4.4.7 20120313 (Red Hat 4.4.7-3)]
*** Python threads support is disabled. You can enable it with --enable-threads ***
Python main interpreter initialized at 0x9757400
your server socket listen backlog is limited to 100 connections
your mercy for graceful operations on workers is 60 seconds
mapped 320020 bytes (312 KB) for 4 cores
*** Operational MODE: preforking ***
unable to load app 0 (mountpoint='') (callable not found or import error)
*** no app loaded. going in full dynamic mode ***
*** uWSGI is running in multiple interpreter mode ***
spawned uWSGI master process (pid: 5590)
spawned uWSGI worker 1 (pid: 5591, cores: 1)
spawned uWSGI worker 2 (pid: 5592, cores: 1)
spawned uWSGI worker 3 (pid: 5593, cores: 1)
spawned uWSGI worker 4 (pid: 5594, cores: 1)
ImportError: No module named run
unable to load app 0 (mountpoint='') (callable not found or import error)
--- no python application found, check your startup logs for errors ---
[pid: 5592|app: -1|req: -1/1] 124.205.194.249 () {46 vars in 779 bytes} [Thu Jul 25 13:04:06 2013] GET / => generated 21 bytes in 0 msecs (HTTP/1.1 500) 1 headers in 57 bytes (0 switches on core 0)
ImportError: No module named run
unable to load app 0 (mountpoint='') (callable not found or import error)
--- no python application found, check your startup logs for errors ---
[pid: 5592|app: -1|req: -1/2] 124.205.194.249 () {44 vars in 710 bytes} [Thu Jul 25 13:04:06 2013] GET /favicon.ico => generated 21 bytes in 0 msecs (HTTP/1.1 500) 1 headers in 57 bytes (0 switches on core 0)
ImportError: No module named run
unable to load app 0 (mountpoint='') (callable not found or import error)
--- no python application found, check your startup logs for errors ---
[pid: 5593|app: -1|req: -1/3] 124.205.194.249 () {46 vars in 779 bytes} [Thu Jul 25 13:04:09 2013] GET / => generated 21 bytes in 0 msecs (HTTP/1.1 500) 1 headers in 57 bytes (0 switches on core 0)
ImportError: No module named run
unable to load app 0 (mountpoint='') (callable not found or import error)
--- no python application found, check your startup logs for errors ---
[pid: 5592|app: -1|req: -1/4] 124.205.194.249 () {44 vars in 710 bytes} [Thu Jul 25 13:04:09 2013] GET /favicon.ico => generated 21 bytes in 0 msecs (HTTP/1.1 500) 1 headers in 57 bytes (0 switches on core 0)
unable to load app 0 (mountpoint='') (callable not found or import error)
--- no python application found, check your startup logs for errors ---
[pid: 5593|app: -1|req: -1/5] 124.205.194.249 () {46 vars in 781 bytes} [Thu Jul 25 13:04:25 2013] GET / => generated 21 bytes in 0 msecs (HTTP/1.1 500) 1 headers in 57 bytes (0 switches on core 0)
unable to load app 0 (mountpoint='') (callable not found or import error)
--- no python application found, check your startup logs for errors ---
[pid: 5592|app: -1|req: -1/6] 124.205.194.249 () {44 vars in 712 bytes} [Thu Jul 25 13:04:25 2013] GET /favicon.ico => generated 21 bytes in 0 msecs (HTTP/1.1 500) 1 headers in 57 bytes (0 switches on core 0)
unable to load app 0 (mountpoint='') (callable not found or import error)
--- no python application found, check your startup logs for errors ---
[pid: 5593|app: -1|req: -1/7] 124.205.194.249 () {46 vars in 781 bytes} [Thu Jul 25 13:04:26 2013] GET / => generated 21 bytes in 0 msecs (HTTP/1.1 500) 1 headers in 57 bytes (0 switches on core 0)
unable to load app 0 (mountpoint='') (callable not found or import error)
--- no python application found, check your startup logs for errors ---
[pid: 5592|app: -1|req: -1/8] 124.205.194.249 () {44 vars in 712 bytes} [Thu Jul 25 13:04:26 2013] GET /favicon.ico => generated 21 bytes in 0 msecs (HTTP/1.1 500) 1 headers in 57 bytes (0 switches on core 0)
unable to load app 0 (mountpoint='') (callable not found or import error)
--- no python application found, check your startup logs for errors ---
[pid: 5593|app: -1|req: -1/9] 124.205.194.249 () {46 vars in 781 bytes} [Thu Jul 25 13:04:26 2013] GET / => generated 21 bytes in 0 msecs (HTTP/1.1 500) 1 headers in 57 bytes (0 switches on core 0)
unable to load app 0 (mountpoint='') (callable not found or import error)
--- no python application found, check your startup logs for errors ---
[pid: 5592|app: -1|req: -1/10] 124.205.194.249 () {44 vars in 712 bytes} [Thu Jul 25 13:04:26 2013] GET /favicon.ico => generated 21 bytes in 0 msecs (HTTP/1.1 500) 1 headers in 57 bytes (0 switches on core 0)
unable to load app 0 (mountpoint='') (callable not found or import error)
--- no python application found, check your startup logs for errors ---
[pid: 5593|app: -1|req: -1/11] 124.205.194.249 () {46 vars in 781 bytes} [Thu Jul 25 13:04:27 2013] GET / => generated 21 bytes in 0 msecs (HTTP/1.1 500) 1 headers in 57 bytes (0 switches on core 0)
unable to load app 0 (mountpoint='') (callable not found or import error)
--- no python application found, check your startup logs for errors ---
[pid: 5593|app: -1|req: -1/12] 124.205.194.249 () {44 vars in 712 bytes} [Thu Jul 25 13:04:27 2013] GET /favicon.ico => generated 21 bytes in 0 msecs (HTTP/1.1 500) 1 headers in 57 bytes (0 switches on core 0)
unable to load app 0 (mountpoint='') (callable not found or import error)
--- no python application found, check your startup logs for errors ---
[pid: 5592|app: -1|req: -1/13] 124.205.194.249 () {46 vars in 781 bytes} [Thu Jul 25 13:06:01 2013] GET / => generated 21 bytes in 1 msecs (HTTP/1.1 500) 1 headers in 57 bytes (0 switches on core 0)
unable to load app 0 (mountpoint='') (callable not found or import error)
--- no python application found, check your startup logs for errors ---
[pid: 5593|app: -1|req: -1/14] 124.205.194.249 () {44 vars in 712 bytes} [Thu Jul 25 13:06:01 2013] GET /favicon.ico => generated 21 bytes in 0 msecs (HTTP/1.1 500) 1 headers in 57 bytes (0 switches on core 0)
Thu Jul 25 13:06:08 2013 - uWSGI worker 4 screams: UAAAAAAH my master disconnected: i will kill myself !!!
